<component name="libraryTable">
  <library name="junit-4.12">
    <CLASSES>
      <root url="jar://$USER_HOME$/opt/junit-4.12/junit.jar!/" />
      <root url="jar://$USER_HOME$/opt/junit-4.12/hamcrest-core.jar!/" />
    </CLASSES>
    <JAVADOC />
    <SOURCES />
  </library>
</component>